name 'Retry' is not defined
name 'Retry' is not defined
name 'Retry' is not defined
name 'Retry' is not defined
name 'requests' is not defined
name 'requests' is not defined
Expecting value: line 1 column 1 (char 0)
name 'r' is not defined
name 'r' is not defined
value is not an integer or out of range
value is not an integer or out of range
value is not an integer or out of range
value is not an integer or out of range
int() argument must be a string, a bytes-like object or a number, not 'NoneType'
int() argument must be a string, a bytes-like object or a number, not 'NoneType'
int() argument must be a string, a bytes-like object or a number, not 'NoneType'
name 'r_c' is not defined
name 'r_c' is not defined
name 'r_c' is not defined
name 'r_c' is not defined
name 'r_c' is not defined
name 'r_c' is not defined
name 'r_c' is not defined
name 'r_c' is not defined
name 'r_c' is not defined
name 'r_c' is not defined
name 'r_c' is not defined
name 'r_c' is not defined
name 'r_c' is not defined
name 'r_c' is not defined
name 'r_c' is not defined
name 'r_c' is not defined
name 'r_c' is not defined
name 'r_c' is not defined
name 'r_c' is not defined
name 'r_c' is not defined
name 'r_c' is not defined
name 'r_c' is not defined
name 'r_c' is not defined
name 'r_c' is not defined
name 'r_c' is not defined
name 'r_c' is not defined
name 'r_c' is not defined
name 'r_c' is not defined
name 'r_c' is not defined
name 'r_c' is not defined
name 'r_c' is not defined
name 'r_c' is not defined
name 'r_c' is not defined
name 'r_c' is not defined
name 'r_c' is not defined
name 'r_c' is not defined
name 'r_c' is not defined
name 'r_c' is not defined
name 'r_c' is not defined
name 'r_c' is not defined
name 'r_c' is not defined
name 'r_c' is not defined
name 'r_c' is not defined
name 'r_c' is not defined
name 'r_c' is not defined
name 'r_c' is not defined
name 'r_c' is not defined
name 'r_c' is not defined
name 'r_c' is not defined
name 'r_c' is not defined
name 'r_c' is not defined
name 'r_c' is not defined
name 'r_c' is not defined
name 'r_c' is not defined
name 'r_c' is not defined
name 'r_c' is not defined
name 'r_c' is not defined
name 'r_c' is not defined
name 'r_c' is not defined
name 'r_c' is not defined
name 'r_c' is not defined
name 'r_c' is not defined
name 'r_c' is not defined
name 'r_c' is not defined
name 'r_c' is not defined
name 'r_c' is not defined
name 'r_c' is not defined
name 'r_c' is not defined
name 'r_c' is not defined
name 'r_c' is not defined
name 'r_c' is not defined
name 'r_c' is not defined
name 'r_c' is not defined
name 'r_c' is not defined
name 'r_c' is not defined
name 'r_c' is not defined
name 'r_c' is not defined
name 'r_c' is not defined
name 'r_c' is not defined
name 'r_c' is not defined
name 'r_c' is not defined
name 'r_c' is not defined
name 'r_c' is not defined
name 'r_c' is not defined
name 'r_c' is not defined
name 'r_c' is not defined
name 'r_c' is not defined
name 'r_c' is not defined
name 'r_c' is not defined
name 'r_c' is not defined
name 'r_c' is not defined
name 'r_c' is not defined
name 'r_c' is not defined
name 'r_c' is not defined
name 'r_c' is not defined
name 'r_c' is not defined
name 'r_c' is not defined
name 'r_c' is not defined
name 'r_c' is not defined
name 'r_c' is not defined
name 'r_c' is not defined
name 'r_c' is not defined
name 'r_c' is not defined
name 'r_c' is not defined
name 'r_c' is not defined
name 'r_c' is not defined
name 'r_c' is not defined
name 'r_c' is not defined
name 'r_c' is not defined
name 'r_c' is not defined
name 'r_c' is not defined
name 'r_c' is not defined
name 'r_c' is not defined
name 'r_c' is not defined
name 'r_c' is not defined
name 'r_c' is not defined
name 'r_c' is not defined
name 'r_c' is not defined
name 'r_c' is not defined
name 'r_c' is not defined
name 'r_c' is not defined
name 'r_c' is not defined
name 'r_c' is not defined
name 'r_c' is not defined
name 'r_c' is not defined
name 'r_c' is not defined
name 'r_c' is not defined
name 'r_c' is not defined
name 'r_c' is not defined
name 'r_c' is not defined
name 'r_c' is not defined
name 'r_c' is not defined
name 'r_c' is not defined
name 'r_c' is not defined
name 'r_c' is not defined
name 'r_c' is not defined
name 'r_c' is not defined
name 'r_c' is not defined
name 'r_c' is not defined
name 'r_c' is not defined
name 'r_c' is not defined
name 'r_c' is not defined
name 'r_c' is not defined
name 'r_c' is not defined
name 'r_c' is not defined
name 'r_c' is not defined
name 'r_c' is not defined
name 'r_c' is not defined
name 'r_c' is not defined
name 'r_c' is not defined
name 'r_c' is not defined
name 'r_c' is not defined
name 'r_c' is not defined
name 'r_c' is not defined
name 'r_c' is not defined
name 'r_c' is not defined
name 'r_c' is not defined
name 'r_c' is not defined
name 'r_c' is not defined
name 'r_c' is not defined
name 'r_c' is not defined
name 'r_c' is not defined
name 'r_c' is not defined
'str' object has no attribute 'str'
'str' object has no attribute 'str'
'str' object has no attribute 'str'
reentrant call inside <_io.BufferedWriter name='<stdout>'>
